<?xml version="1.0" encoding="UTF-8"?>
<!-- Generated by org.testng.reporters.JUnitXMLReporter -->
<testsuite ignored="0" hostname="192.168.1.3" failures="1" tests="3" name="Magplus_Login" time="37.349" errors="0" timestamp="2022-01-04T17:46:03 IST">
  <testcase classname="com.magplus.testcases.LoginPageTest" name="LoginPageTitle" time="0.093">
    <failure type="java.lang.AssertionError" message="expected [Login | mag+1] but found [Login | mag+]">
      <![CDATA[java.lang.AssertionError: expected [Login | mag+1] but found [Login | mag+]
at com.magplus.testcases.LoginPageTest.LoginPageTitle(LoginPageTest.java:41)
at java.base/java.util.ArrayList.forEach(ArrayList.java:1511)
... Removed 33 stack frames]]>
    </failure>
  </testcase> <!-- LoginPageTitle -->
  <testcase classname="com.magplus.testcases.LoginPageTest" name="LogoPresent" time="0.223"/>
  <testcase classname="com.magplus.testcases.LoginPageTest" name="PublishLogin" time="5.233"/>
</testsuite> <!-- Magplus_Login -->
