<?xml version="1.0" encoding="UTF-8"?>
<!-- Generated by org.testng.reporters.JUnitXMLReporter -->
<testsuite ignored="0" hostname="mpsadmins-MacBook-Air.local" failures="0" tests="3" name="Magplus_Login" time="44.644" errors="0" timestamp="2022-01-10T20:59:17 IST">
  <testcase classname="com.magplus.testcases.LoginPageTest" name="LoginPageTitle" time="0.008"/>
  <testcase classname="com.magplus.testcases.LoginPageTest" name="LogoPresent" time="0.032"/>
  <testcase classname="com.magplus.testcases.LoginPageTest" name="PublishLogin" time="8.3"/>
</testsuite> <!-- Magplus_Login -->
