<?xml version="1.0" encoding="UTF-8"?>
<testsuite xmlns:xsi="http://www.w3.org/2001/XMLSchema-instance" xsi:noNamespaceSchemaLocation="https://maven.apache.org/surefire/maven-surefire-plugin/xsd/surefire-test-report-3.0.xsd" version="3.0" name="TestSuite" time="44.943" tests="3" errors="0" skipped="0" failures="0">
  <properties>
[...]
</properties>
  <testcase name="LoginPageTitle" classname="com.magplus.testcases.LoginPageTest" time="0.009"/>
  <testcase name="LogoPresent" classname="com.magplus.testcases.LoginPageTest" time="0.032"/>
  <testcase name="PublishLogin" classname="com.magplus.testcases.LoginPageTest" time="8.299"/>
</testsuite>