<?xml version="1.0" encoding="UTF-8"?>
<testng-results ignored="0" total="3" passed="3" failed="0" skipped="0">
  <reporter-output>
  </reporter-output>
  <suite started-at="2022-01-10T20:58:32 IST" name="Magplus_Testing" finished-at="2022-01-10T20:59:16 IST" duration-ms="44644">
    <groups>
    </groups>
    <test started-at="2022-01-10T20:58:32 IST" name="Magplus_Login" finished-at="2022-01-10T20:59:16 IST" duration-ms="44644">
      <class name="com.magplus.testcases.LoginPageTest">
        <test-method is-config="true" signature="ExtentReportSetup()[pri:0, instance:com.magplus.testcases.LoginPageTest@358c99f5]" started-at="2022-01-10T20:58:32 IST" name="ExtentReportSetup" finished-at="2022-01-10T20:58:32 IST" duration-ms="63" status="PASS">
          <reporter-output>
          </reporter-output>
        </test-method> <!-- ExtentReportSetup -->
        <test-method is-config="true" signature="setup()[pri:0, instance:com.magplus.testcases.LoginPageTest@358c99f5]" started-at="2022-01-10T20:58:32 IST" name="setup" finished-at="2022-01-10T20:58:46 IST" duration-ms="13967" status="PASS">
          <reporter-output>
          </reporter-output>
        </test-method> <!-- setup -->
        <test-method signature="LoginPageTitle()[pri:1, instance:com.magplus.testcases.LoginPageTest@358c99f5]" started-at="2022-01-10T20:58:46 IST" name="LoginPageTitle" finished-at="2022-01-10T20:58:46 IST" duration-ms="8" status="PASS">
          <reporter-output>
          </reporter-output>
        </test-method> <!-- LoginPageTitle -->
        <test-method is-config="true" signature="tearDown(org.testng.ITestResult)[pri:0, instance:com.magplus.testcases.LoginPageTest@358c99f5]" started-at="2022-01-10T20:58:46 IST" name="tearDown" finished-at="2022-01-10T20:58:46 IST" duration-ms="81" status="PASS">
          <params>
            <param index="0">
              <value>
                <![CDATA[[TestResult name=LoginPageTitle status=SUCCESS method=LoginPageTest.LoginPageTitle()[pri:1, instance:com.magplus.testcases.LoginPageTest@358c99f5] output={null}]]]>
              </value>
            </param>
          </params>
          <reporter-output>
          </reporter-output>
        </test-method> <!-- tearDown -->
        <test-method is-config="true" signature="setup()[pri:0, instance:com.magplus.testcases.LoginPageTest@358c99f5]" started-at="2022-01-10T20:58:46 IST" name="setup" finished-at="2022-01-10T20:58:58 IST" duration-ms="12325" status="PASS">
          <reporter-output>
          </reporter-output>
        </test-method> <!-- setup -->
        <test-method signature="LogoPresent()[pri:2, instance:com.magplus.testcases.LoginPageTest@358c99f5]" started-at="2022-01-10T20:58:58 IST" name="LogoPresent" finished-at="2022-01-10T20:58:58 IST" duration-ms="32" status="PASS">
          <reporter-output>
          </reporter-output>
        </test-method> <!-- LogoPresent -->
        <test-method is-config="true" signature="tearDown(org.testng.ITestResult)[pri:0, instance:com.magplus.testcases.LoginPageTest@358c99f5]" started-at="2022-01-10T20:58:58 IST" name="tearDown" finished-at="2022-01-10T20:58:58 IST" duration-ms="76" status="PASS">
          <params>
            <param index="0">
              <value>
                <![CDATA[[TestResult name=LogoPresent status=SUCCESS method=LoginPageTest.LogoPresent()[pri:2, instance:com.magplus.testcases.LoginPageTest@358c99f5] output={null}]]]>
              </value>
            </param>
          </params>
          <reporter-output>
          </reporter-output>
        </test-method> <!-- tearDown -->
        <test-method is-config="true" signature="setup()[pri:0, instance:com.magplus.testcases.LoginPageTest@358c99f5]" started-at="2022-01-10T20:58:58 IST" name="setup" finished-at="2022-01-10T20:59:08 IST" duration-ms="9602" status="PASS">
          <reporter-output>
          </reporter-output>
        </test-method> <!-- setup -->
        <test-method signature="PublishLogin()[pri:3, instance:com.magplus.testcases.LoginPageTest@358c99f5]" started-at="2022-01-10T20:59:08 IST" name="PublishLogin" finished-at="2022-01-10T20:59:16 IST" duration-ms="8300" status="PASS">
          <reporter-output>
          </reporter-output>
        </test-method> <!-- PublishLogin -->
        <test-method is-config="true" signature="tearDown(org.testng.ITestResult)[pri:0, instance:com.magplus.testcases.LoginPageTest@358c99f5]" started-at="2022-01-10T20:59:16 IST" name="tearDown" finished-at="2022-01-10T20:59:16 IST" duration-ms="90" status="PASS">
          <params>
            <param index="0">
              <value>
                <![CDATA[[TestResult name=PublishLogin status=SUCCESS method=LoginPageTest.PublishLogin()[pri:3, instance:com.magplus.testcases.LoginPageTest@358c99f5] output={null}]]]>
              </value>
            </param>
          </params>
          <reporter-output>
          </reporter-output>
        </test-method> <!-- tearDown -->
        <test-method is-config="true" signature="EndReport()[pri:0, instance:com.magplus.testcases.LoginPageTest@358c99f5]" started-at="2022-01-10T20:59:16 IST" name="EndReport" finished-at="2022-01-10T20:59:16 IST" duration-ms="89" status="PASS">
          <reporter-output>
          </reporter-output>
        </test-method> <!-- EndReport -->
      </class> <!-- com.magplus.testcases.LoginPageTest -->
    </test> <!-- Magplus_Login -->
  </suite> <!-- Magplus_Testing -->
</testng-results>
